<?xml version="1.0" encoding="UTF-8"?>
<testng-results ignored="0" total="1" passed="1" failed="0" skipped="0">
  <reporter-output>
  </reporter-output>
  <suite started-at="2022-06-16T19:53:34 IST" name="Default suite" finished-at="2022-06-16T19:54:18 IST" duration-ms="44203">
    <groups>
    </groups>
    <test started-at="2022-06-16T19:53:34 IST" name="Default test" finished-at="2022-06-16T19:54:18 IST" duration-ms="44203">
      <class name="BaseLayer.DropDown">
        <test-method signature="logintest()[pri:0, instance:BaseLayer.DropDown@366647c2]" started-at="2022-06-16T19:53:34 IST" name="logintest" finished-at="2022-06-16T19:54:18 IST" duration-ms="44142" status="PASS">
          <reporter-output>
          </reporter-output>
        </test-method> <!-- logintest -->
      </class> <!-- BaseLayer.DropDown -->
    </test> <!-- Default test -->
  </suite> <!-- Default suite -->
</testng-results>
